\tc\include\alloc.h   
\tc\include\assert.h  
\tc\include\bios.h    
\tc\include\conio.h   
\tc\include\ctype.h   
\tc\include\dir.h     
\tc\include\dos.h     
\tc\include\errno.h   
\tc\include\fcntl.h   
\tc\include\float.h   
\tc\include\io.h      
\tc\include\limits.h  
\tc\include\math.h    
\tc\include\mem.h     
\tc\include\process.h 
\tc\include\setjmp.h  
\tc\include\share.h   
\tc\include\signal.h  
\tc\include\stdarg.h  
\tc\include\stddef.h  
\tc\include\stdio.h   
\tc\include\stdlib.h  
\tc\include\string.h  
\tc\include\time.h    
